[2015-03-17 23:42:07.596] [INFO] cheese - Cheese is Gouda.  dvsfzdb xz
[2015-03-17 23:42:27.375] [INFO] cheese - { _readableState: 
   { highWaterMark: 16384,
     buffer: [],
     length: 0,
     pipes: null,
     pipesCount: 0,
     flowing: false,
     ended: true,
     endEmitted: false,
     reading: false,
     calledRead: false,
     sync: true,
     needReadable: false,
     emittedReadable: false,
     readableListening: false,
     objectMode: false,
     defaultEncoding: 'utf8',
     ranOut: false,
     awaitDrain: 0,
     readingMore: false,
     decoder: null,
     encoding: null },
  readable: true,
  domain: null,
  _events: {},
  _maxListeners: 10,
  socket: 
   { _connecting: false,
     _handle: 
      { fd: null,
        writeQueueSize: 0,
        owner: [Circular],
        onread: [Function: onread],
        reading: true },
     _readableState: 
      { highWaterMark: 16384,
        buffer: [],
        length: 0,
        pipes: null,
        pipesCount: 0,
        flowing: false,
        ended: false,
        endEmitted: false,
        reading: true,
        calledRead: true,
        sync: false,
        needReadable: true,
        emittedReadable: false,
        readableListening: false,
        objectMode: false,
        defaultEncoding: 'utf8',
        ranOut: false,
        awaitDrain: 0,
        readingMore: false,
        decoder: null,
        encoding: null },
     readable: true,
     domain: null,
     _events: 
      { end: [Object],
        finish: [Function: onSocketFinish],
        _socketEnd: [Function: onSocketEnd],
        drain: [Object],
        timeout: [Function],
        error: [Function],
        close: [Object] },
     _maxListeners: 10,
     _writableState: 
      { highWaterMark: 16384,
        objectMode: false,
        needDrain: false,
        ending: false,
        ended: false,
        finished: false,
        decodeStrings: false,
        defaultEncoding: 'utf8',
        length: 0,
        writing: false,
        sync: true,
        bufferProcessing: false,
        onwrite: [Function],
        writecb: null,
        writelen: 0,
        buffer: [],
        errorEmitted: false },
     writable: true,
     allowHalfOpen: true,
     onend: [Function],
     destroyed: false,
     bytesRead: 362,
     _bytesDispatched: 0,
     _pendingData: null,
     _pendingEncoding: '',
     server: 
      { domain: null,
        _events: [Object],
        _maxListeners: 10,
        _connections: 1,
        connections: [Getter/Setter],
        _handle: [Object],
        _usingSlaves: false,
        _slaves: [],
        allowHalfOpen: true,
        httpAllowHalfOpen: false,
        timeout: 120000,
        _connectionKey: '4:0.0.0.0:3000' },
     _idleTimeout: 120000,
     _idleNext: { _idleNext: [Circular], _idlePrev: [Circular] },
     _idlePrev: { _idleNext: [Circular], _idlePrev: [Circular] },
     _idleStart: 1426628547367,
     _monotonicStartTime: 9791683,
     parser: 
      { _headers: [],
        _url: '',
        onHeaders: [Function: parserOnHeaders],
        onHeadersComplete: [Function: parserOnHeadersComplete],
        onBody: [Function: parserOnBody],
        onMessageComplete: [Function: parserOnMessageComplete],
        socket: [Circular],
        incoming: [Circular],
        maxHeaderPairs: 2000,
        onIncoming: [Function] },
     ondata: [Function],
     _paused: false,
     _httpMessage: 
      { domain: null,
        _events: [Object],
        _maxListeners: 10,
        output: [],
        outputEncodings: [],
        writable: true,
        _last: false,
        chunkedEncoding: false,
        shouldKeepAlive: true,
        useChunkedEncodingByDefault: true,
        sendDate: true,
        _headerSent: false,
        _header: '',
        _hasBody: true,
        _trailer: '',
        finished: false,
        _hangupClose: false,
        socket: [Circular],
        connection: [Circular],
        _headers: [Object],
        _headerNames: [Object],
        req: [Circular],
        locals: {} } },
  connection: 
   { _connecting: false,
     _handle: 
      { fd: null,
        writeQueueSize: 0,
        owner: [Circular],
        onread: [Function: onread],
        reading: true },
     _readableState: 
      { highWaterMark: 16384,
        buffer: [],
        length: 0,
        pipes: null,
        pipesCount: 0,
        flowing: false,
        ended: false,
        endEmitted: false,
        reading: true,
        calledRead: true,
        sync: false,
        needReadable: true,
        emittedReadable: false,
        readableListening: false,
        objectMode: false,
        defaultEncoding: 'utf8',
        ranOut: false,
        awaitDrain: 0,
        readingMore: false,
        decoder: null,
        encoding: null },
     readable: true,
     domain: null,
     _events: 
      { end: [Object],
        finish: [Function: onSocketFinish],
        _socketEnd: [Function: onSocketEnd],
        drain: [Object],
        timeout: [Function],
        error: [Function],
        close: [Object] },
     _maxListeners: 10,
     _writableState: 
      { highWaterMark: 16384,
        objectMode: false,
        needDrain: false,
        ending: false,
        ended: false,
        finished: false,
        decodeStrings: false,
        defaultEncoding: 'utf8',
        length: 0,
        writing: false,
        sync: true,
        bufferProcessing: false,
        onwrite: [Function],
        writecb: null,
        writelen: 0,
        buffer: [],
        errorEmitted: false },
     writable: true,
     allowHalfOpen: true,
     onend: [Function],
     destroyed: false,
     bytesRead: 362,
     _bytesDispatched: 0,
     _pendingData: null,
     _pendingEncoding: '',
     server: 
      { domain: null,
        _events: [Object],
        _maxListeners: 10,
        _connections: 1,
        connections: [Getter/Setter],
        _handle: [Object],
        _usingSlaves: false,
        _slaves: [],
        allowHalfOpen: true,
        httpAllowHalfOpen: false,
        timeout: 120000,
        _connectionKey: '4:0.0.0.0:3000' },
     _idleTimeout: 120000,
     _idleNext: { _idleNext: [Circular], _idlePrev: [Circular] },
     _idlePrev: { _idleNext: [Circular], _idlePrev: [Circular] },
     _idleStart: 1426628547367,
     _monotonicStartTime: 9791683,
     parser: 
      { _headers: [],
        _url: '',
        onHeaders: [Function: parserOnHeaders],
        onHeadersComplete: [Function: parserOnHeadersComplete],
        onBody: [Function: parserOnBody],
        onMessageComplete: [Function: parserOnMessageComplete],
        socket: [Circular],
        incoming: [Circular],
        maxHeaderPairs: 2000,
        onIncoming: [Function] },
     ondata: [Function],
     _paused: false,
     _httpMessage: 
      { domain: null,
        _events: [Object],
        _maxListeners: 10,
        output: [],
        outputEncodings: [],
        writable: true,
        _last: false,
        chunkedEncoding: false,
        shouldKeepAlive: true,
        useChunkedEncodingByDefault: true,
        sendDate: true,
        _headerSent: false,
        _header: '',
        _hasBody: true,
        _trailer: '',
        finished: false,
        _hangupClose: false,
        socket: [Circular],
        connection: [Circular],
        _headers: [Object],
        _headerNames: [Object],
        req: [Circular],
        locals: {} } },
  httpVersion: '1.1',
  complete: true,
  headers: 
   { host: 'localhost:3000',
     connection: 'keep-alive',
     'cache-control': 'no-cache',
     'user-agent': 'Mozilla/5.0 (Windows NT 6.1; WOW64) AppleWebKit/537.36 (KHTML, like Gecko) Chrome/41.0.2272.89 Safari/537.36',
     'postman-token': 'ede35d19-1830-9e3d-b2dd-747eb359864a',
     accept: '*/*',
     'accept-encoding': 'gzip, deflate, sdch',
     'accept-language': 'bg-BG,bg;q=0.8,en;q=0.6' },
  trailers: {},
  _pendings: [],
  _pendingIndex: 0,
  url: '/',
  method: 'GET',
  statusCode: null,
  client: 
   { _connecting: false,
     _handle: 
      { fd: null,
        writeQueueSize: 0,
        owner: [Circular],
        onread: [Function: onread],
        reading: true },
     _readableState: 
      { highWaterMark: 16384,
        buffer: [],
        length: 0,
        pipes: null,
        pipesCount: 0,
        flowing: false,
        ended: false,
        endEmitted: false,
        reading: true,
        calledRead: true,
        sync: false,
        needReadable: true,
        emittedReadable: false,
        readableListening: false,
        objectMode: false,
        defaultEncoding: 'utf8',
        ranOut: false,
        awaitDrain: 0,
        readingMore: false,
        decoder: null,
        encoding: null },
     readable: true,
     domain: null,
     _events: 
      { end: [Object],
        finish: [Function: onSocketFinish],
        _socketEnd: [Function: onSocketEnd],
        drain: [Object],
        timeout: [Function],
        error: [Function],
        close: [Object] },
     _maxListeners: 10,
     _writableState: 
      { highWaterMark: 16384,
        objectMode: false,
        needDrain: false,
        ending: false,
        ended: false,
        finished: false,
        decodeStrings: false,
        defaultEncoding: 'utf8',
        length: 0,
        writing: false,
        sync: true,
        bufferProcessing: false,
        onwrite: [Function],
        writecb: null,
        writelen: 0,
        buffer: [],
        errorEmitted: false },
     writable: true,
     allowHalfOpen: true,
     onend: [Function],
     destroyed: false,
     bytesRead: 362,
     _bytesDispatched: 0,
     _pendingData: null,
     _pendingEncoding: '',
     server: 
      { domain: null,
        _events: [Object],
        _maxListeners: 10,
        _connections: 1,
        connections: [Getter/Setter],
        _handle: [Object],
        _usingSlaves: false,
        _slaves: [],
        allowHalfOpen: true,
        httpAllowHalfOpen: false,
        timeout: 120000,
        _connectionKey: '4:0.0.0.0:3000' },
     _idleTimeout: 120000,
     _idleNext: { _idleNext: [Circular], _idlePrev: [Circular] },
     _idlePrev: { _idleNext: [Circular], _idlePrev: [Circular] },
     _idleStart: 1426628547367,
     _monotonicStartTime: 9791683,
     parser: 
      { _headers: [],
        _url: '',
        onHeaders: [Function: parserOnHeaders],
        onHeadersComplete: [Function: parserOnHeadersComplete],
        onBody: [Function: parserOnBody],
        onMessageComplete: [Function: parserOnMessageComplete],
        socket: [Circular],
        incoming: [Circular],
        maxHeaderPairs: 2000,
        onIncoming: [Function] },
     ondata: [Function],
     _paused: false,
     _httpMessage: 
      { domain: null,
        _events: [Object],
        _maxListeners: 10,
        output: [],
        outputEncodings: [],
        writable: true,
        _last: false,
        chunkedEncoding: false,
        shouldKeepAlive: true,
        useChunkedEncodingByDefault: true,
        sendDate: true,
        _headerSent: false,
        _header: '',
        _hasBody: true,
        _trailer: '',
        finished: false,
        _hangupClose: false,
        socket: [Circular],
        connection: [Circular],
        _headers: [Object],
        _headerNames: [Object],
        req: [Circular],
        locals: {} } },
  _consuming: false,
  _dumped: false,
  httpVersionMajor: 1,
  httpVersionMinor: 1,
  upgrade: false,
  next: [Function: next],
  baseUrl: '/users',
  originalUrl: '/users',
  _parsedUrl: 
   { protocol: null,
     slashes: null,
     auth: null,
     host: null,
     port: null,
     hostname: null,
     hash: null,
     search: null,
     query: null,
     pathname: '/',
     path: '/',
     href: '/',
     _raw: '/' },
  params: {},
  query: {},
  res: 
   { domain: null,
     _events: { finish: [Function] },
     _maxListeners: 10,
     output: [],
     outputEncodings: [],
     writable: true,
     _last: false,
     chunkedEncoding: false,
     shouldKeepAlive: true,
     useChunkedEncodingByDefault: true,
     sendDate: true,
     _headerSent: false,
     _header: '',
     _hasBody: true,
     _trailer: '',
     finished: false,
     _hangupClose: false,
     socket: 
      { _connecting: false,
        _handle: [Object],
        _readableState: [Object],
        readable: true,
        domain: null,
        _events: [Object],
        _maxListeners: 10,
        _writableState: [Object],
        writable: true,
        allowHalfOpen: true,
        onend: [Function],
        destroyed: false,
        bytesRead: 362,
        _bytesDispatched: 0,
        _pendingData: null,
        _pendingEncoding: '',
        server: [Object],
        _idleTimeout: 120000,
        _idleNext: [Object],
        _idlePrev: [Object],
        _idleStart: 1426628547367,
        _monotonicStartTime: 9791683,
        parser: [Object],
        ondata: [Function],
        _paused: false,
        _httpMessage: [Circular] },
     connection: 
      { _connecting: false,
        _handle: [Object],
        _readableState: [Object],
        readable: true,
        domain: null,
        _events: [Object],
        _maxListeners: 10,
        _writableState: [Object],
        writable: true,
        allowHalfOpen: true,
        onend: [Function],
        destroyed: false,
        bytesRead: 362,
        _bytesDispatched: 0,
        _pendingData: null,
        _pendingEncoding: '',
        server: [Object],
        _idleTimeout: 120000,
        _idleNext: [Object],
        _idlePrev: [Object],
        _idleStart: 1426628547367,
        _monotonicStartTime: 9791683,
        parser: [Object],
        ondata: [Function],
        _paused: false,
        _httpMessage: [Circular] },
     _headers: { 'x-powered-by': 'Express' },
     _headerNames: { 'x-powered-by': 'X-Powered-By' },
     req: [Circular],
     locals: {} },
  body: {},
  secret: undefined,
  cookies: {},
  signedCookies: {},
  _parsedOriginalUrl: 
   { protocol: null,
     slashes: null,
     auth: null,
     host: null,
     port: null,
     hostname: null,
     hash: null,
     search: null,
     query: null,
     pathname: '/users',
     path: '/users',
     href: '/users',
     _raw: '/users' },
  userInfo: { status: 200 },
  route: { path: '/', stack: [ [Object] ], methods: { get: true } } }
[2015-03-17 23:44:47.912] [INFO] cheese - { path: '/',
  stack: 
   [ { handle: [Function],
       name: '<anonymous>',
       params: undefined,
       path: undefined,
       keys: [],
       regexp: /^\/?$/i,
       method: 'get' } ],
  methods: { get: true } }
[2015-03-22 00:21:45.301] [INFO] cheese - { path: '/',
  stack: 
   [ { handle: [Function],
       name: '<anonymous>',
       params: undefined,
       path: undefined,
       keys: [],
       regexp: /^\/?$/i,
       method: 'get' } ],
  methods: { get: true } }
[2015-03-22 23:17:11.609] [INFO] cheese - { path: '/',
  stack: 
   [ { handle: [Function],
       name: '<anonymous>',
       params: undefined,
       path: undefined,
       keys: [],
       regexp: /^\/?$/i,
       method: 'get' } ],
  methods: { get: true } }
[2015-04-29 23:02:57.732] [INFO] cheese - { path: '/',
  stack: 
   [ { handle: [Function],
       name: '<anonymous>',
       params: undefined,
       path: undefined,
       keys: [],
       regexp: /^\/?$/i,
       method: 'get' } ],
  methods: { get: true } }
[2015-04-29 23:07:14.052] [INFO] cheese - { path: '/',
  stack: 
   [ { handle: [Function],
       name: '<anonymous>',
       params: undefined,
       path: undefined,
       keys: [],
       regexp: /^\/?$/i,
       method: 'get' } ],
  methods: { get: true } }
[2015-04-29 23:07:34.736] [INFO] cheese - { path: '/',
  stack: 
   [ { handle: [Function],
       name: '<anonymous>',
       params: undefined,
       path: undefined,
       keys: [],
       regexp: /^\/?$/i,
       method: 'get' } ],
  methods: { get: true } }
[2015-04-29 23:10:05.605] [INFO] cheese - { path: '/',
  stack: 
   [ { handle: [Function],
       name: '<anonymous>',
       params: undefined,
       path: undefined,
       keys: [],
       regexp: /^\/?$/i,
       method: 'get' } ],
  methods: { get: true } }
[2015-04-29 23:10:34.089] [INFO] cheese - { path: '/',
  stack: 
   [ { handle: [Function],
       name: '<anonymous>',
       params: undefined,
       path: undefined,
       keys: [],
       regexp: /^\/?$/i,
       method: 'get' } ],
  methods: { get: true } }
[2015-05-10 11:07:27.302] [INFO] cheese - { path: '/',
  stack: 
   [ { handle: [Function],
       name: '<anonymous>',
       params: undefined,
       path: undefined,
       keys: [],
       regexp: /^\/?$/i,
       method: 'get' } ],
  methods: { get: true } }
[2015-05-10 11:07:51.575] [INFO] cheese - { path: '/',
  stack: 
   [ { handle: [Function],
       name: '<anonymous>',
       params: undefined,
       path: undefined,
       keys: [],
       regexp: /^\/?$/i,
       method: 'get' } ],
  methods: { get: true } }
[2015-05-10 15:22:24.230] [INFO] cheese - { path: '/',
  stack: 
   [ { handle: [Function],
       name: '<anonymous>',
       params: undefined,
       path: undefined,
       keys: [],
       regexp: /^\/?$/i,
       method: 'get' } ],
  methods: { get: true } }
[2015-05-10 16:28:08.617] [INFO] cheese - { path: '/',
  stack: 
   [ { handle: [Function],
       name: '<anonymous>',
       params: undefined,
       path: undefined,
       keys: [],
       regexp: /^\/?$/i,
       method: 'get' } ],
  methods: { get: true } }
[2015-05-10 16:28:43.951] [INFO] cheese - { path: '/',
  stack: 
   [ { handle: [Function],
       name: '<anonymous>',
       params: undefined,
       path: undefined,
       keys: [],
       regexp: /^\/?$/i,
       method: 'get' } ],
  methods: { get: true } }
